# JRE version: OpenJDK Runtime Environment Corretto-17.0.7.7.1 (17.0.7+7) (build 17.0.7+7-LTS)
# Java VM: OpenJDK 64-Bit Server VM Corretto-17.0.7.7.1 (17.0.7+7-LTS, mixed mode, emulated-client, sharing, tiered, compressed oops, compressed class ptrs, g1 gc, windows-amd64)
GC Precious Log:
 CPUs: 12 total, 12 available
 Memory: 8039M
 Large Page Support: Disabled
 NUMA Support: Disabled
 Compressed Oops: Enabled (32-bit)
 Heap Region Size: 1M
 Heap Min Capacity: 8M
 Heap Initial Capacity: 126M
 Heap Max Capacity: 2010M
 Pre-touch: Disabled
 Parallel Workers: 10
 Concurrent Workers: 3
 Concurrent Refinement Workers: 10
 Periodic GC: Disabled
Heap:
 garbage-first heap   total 68608K, used 27450K [0x0000000082600000, 0x0000000100000000)
  region size 1024K, 3 young (3072K), 3 survivors (3072K)
 Metaspace       used 59860K, committed 60416K, reserved 1114112K
  class space    used 8848K, committed 9152K, reserved 1048576K
GC Heap History (20 events):
Event: 1.959 GC heap after
{Heap after GC invocations=3 (full 0):
 garbage-first heap   total 129024K, used 13512K [0x0000000082600000, 0x0000000100000000)
  region size 1024K, 6 young (6144K), 6 survivors (6144K)
 Metaspace       used 21230K, committed 21504K, reserved 1114112K
  class space    used 2882K, committed 3008K, reserved 1048576K
}
Event: 2.314 GC heap before
{Heap before GC invocations=4 (full 0):
 garbage-first heap   total 51200K, used 38088K [0x0000000082600000, 0x0000000100000000)
  region size 1024K, 30 young (30720K), 6 survivors (6144K)
 Metaspace       used 24787K, committed 25152K, reserved 1114112K
  class space    used 3456K, committed 3648K, reserved 1048576K
}
Event: 2.339 GC heap after
{Heap after GC invocations=5 (full 0):
 garbage-first heap   total 51200K, used 15608K [0x0000000082600000, 0x0000000100000000)
  region size 1024K, 3 young (3072K), 3 survivors (3072K)
 Metaspace       used 24787K, committed 25152K, reserved 1114112K
  class space    used 3456K, committed 3648K, reserved 1048576K
}
Event: 2.365 GC heap before
{Heap before GC invocations=5 (full 0):
 garbage-first heap   total 51200K, used 15608K [0x0000000082600000, 0x0000000100000000)
  region size 1024K, 4 young (4096K), 3 survivors (3072K)
 Metaspace       used 24999K, committed 25344K, reserved 1114112K
  class space    used 3466K, committed 3648K, reserved 1048576K
}
Event: 2.370 GC heap after
{Heap after GC invocations=6 (full 0):
 garbage-first heap   total 51200K, used 15712K [0x0000000082600000, 0x0000000100000000)
  region size 1024K, 1 young (1024K), 1 survivors (1024K)
 Metaspace       used 24999K, committed 25344K, reserved 1114112K
  class space    used 3466K, committed 3648K, reserved 1048576K
}
Event: 2.965 GC heap before
{Heap before GC invocations=6 (full 0):
 garbage-first heap   total 51200K, used 35168K [0x0000000082600000, 0x0000000100000000)
  region size 1024K, 20 young (20480K), 1 survivors (1024K)
 Metaspace       used 28054K, committed 28544K, reserved 1114112K
  class space    used 3911K, committed 4160K, reserved 1048576K
}
Event: 2.979 GC heap after
{Heap after GC invocations=7 (full 0):
 garbage-first heap   total 91136K, used 17291K [0x0000000082600000, 0x0000000100000000)
  region size 1024K, 3 young (3072K), 3 survivors (3072K)
 Metaspace       used 28054K, committed 28544K, reserved 1114112K
  class space    used 3911K, committed 4160K, reserved 1048576K
}
Event: 3.589 GC heap before
{Heap before GC invocations=7 (full 0):
 garbage-first heap   total 91136K, used 49035K [0x0000000082600000, 0x0000000100000000)
  region size 1024K, 36 young (36864K), 3 survivors (3072K)
 Metaspace       used 35560K, committed 35968K, reserved 1114112K
  class space    used 5029K, committed 5248K, reserved 1048576K
}
Event: 3.592 GC heap after
{Heap after GC invocations=8 (full 0):
 garbage-first heap   total 91136K, used 19074K [0x0000000082600000, 0x0000000100000000)
  region size 1024K, 4 young (4096K), 4 survivors (4096K)
 Metaspace       used 35560K, committed 35968K, reserved 1114112K
  class space    used 5029K, committed 5248K, reserved 1048576K
}
Event: 4.124 GC heap before
{Heap before GC invocations=9 (full 0):
 garbage-first heap   total 68608K, used 55938K [0x0000000082600000, 0x0000000100000000)
  region size 1024K, 40 young (40960K), 4 survivors (4096K)
 Metaspace       used 45518K, committed 45952K, reserved 1114112K
  class space    used 6442K, committed 6656K, reserved 1048576K
}
Event: 4.129 GC heap after
{Heap after GC invocations=10 (full 0):
 garbage-first heap   total 68608K, used 21320K [0x0000000082600000, 0x0000000100000000)
  region size 1024K, 5 young (5120K), 5 survivors (5120K)
 Metaspace       used 45518K, committed 45952K, reserved 1114112K
  class space    used 6442K, committed 6656K, reserved 1048576K
}
Event: 4.148 GC heap before
{Heap before GC invocations=10 (full 0):
 garbage-first heap   total 68608K, used 22344K [0x0000000082600000, 0x0000000100000000)
  region size 1024K, 6 young (6144K), 5 survivors (5120K)
 Metaspace       used 45747K, committed 46208K, reserved 1114112K
  class space    used 6503K, committed 6720K, reserved 1048576K
}
Event: 4.151 GC heap after
{Heap after GC invocations=11 (full 0):
 garbage-first heap   total 68608K, used 21745K [0x0000000082600000, 0x0000000100000000)
  region size 1024K, 1 young (1024K), 1 survivors (1024K)
 Metaspace       used 45747K, committed 46208K, reserved 1114112K
  class space    used 6503K, committed 6720K, reserved 1048576K
}
Event: 4.498 GC heap before
{Heap before GC invocations=11 (full 0):
 garbage-first heap   total 68608K, used 51441K [0x0000000082600000, 0x0000000100000000)
  region size 1024K, 30 young (30720K), 1 survivors (1024K)
 Metaspace       used 51114K, committed 51584K, reserved 1114112K
  class space    used 7426K, committed 7616K, reserved 1048576K
}
Event: 4.499 GC heap after
{Heap after GC invocations=12 (full 0):
 garbage-first heap   total 68608K, used 22380K [0x0000000082600000, 0x0000000100000000)
  region size 1024K, 2 young (2048K), 2 survivors (2048K)
 Metaspace       used 51114K, committed 51584K, reserved 1114112K
  class space    used 7426K, committed 7616K, reserved 1048576K
}
Event: 4.984 GC heap before
{Heap before GC invocations=12 (full 0):
 garbage-first heap   total 68608K, used 52076K [0x0000000082600000, 0x0000000100000000)
  region size 1024K, 31 young (31744K), 2 survivors (2048K)
 Metaspace       used 55016K, committed 55616K, reserved 1114112K
  class space    used 7962K, committed 8256K, reserved 1048576K
}
Event: 4.987 GC heap after
{Heap after GC invocations=13 (full 0):
 garbage-first heap   total 68608K, used 24501K [0x0000000082600000, 0x0000000100000000)
  region size 1024K, 4 young (4096K), 4 survivors (4096K)
 Metaspace       used 55016K, committed 55616K, reserved 1114112K
  class space    used 7962K, committed 8256K, reserved 1048576K
}
Event: 5.136 GC heap before
{Heap before GC invocations=13 (full 0):
 garbage-first heap   total 68608K, used 52149K [0x0000000082600000, 0x0000000100000000)
  region size 1024K, 32 young (32768K), 4 survivors (4096K)
 Metaspace       used 56799K, committed 57408K, reserved 1114112K
  class space    used 8281K, committed 8576K, reserved 1048576K
}
Event: 5.140 GC heap after
{Heap after GC invocations=14 (full 0):
 garbage-first heap   total 68608K, used 26113K [0x0000000082600000, 0x0000000100000000)
  region size 1024K, 2 young (2048K), 2 survivors (2048K)
 Metaspace       used 56799K, committed 57408K, reserved 1114112K
  class space    used 8281K, committed 8576K, reserved 1048576K
}
Event: 5.323 GC heap before
{Heap before GC invocations=14 (full 0):
 garbage-first heap   total 68608K, used 49665K [0x0000000082600000, 0x0000000100000000)
  region size 1024K, 26 young (26624K), 2 survivors (2048K)
 Metaspace       used 59860K, committed 60416K, reserved 1114112K
  class space    used 8848K, committed 9152K, reserved 1048576K
}

